<?xml version="1.0" encoding="UTF-8"?>
<testsuite name="com.bridgelabz.addressBook.AddressBookTest" tests="1" skipped="0" failures="0" errors="0" timestamp="2019-12-06T11:30:11" hostname="admin1-desktop" time="0.199">
  <properties/>
  <testcase name="givenAddressBook_ToSortEntriesByZip_ShoulsReturnTrue" classname="com.bridgelabz.addressBook.AddressBookTest" time="0.199"/>
  <system-out><![CDATA[Person{firstName='siya', lastName='Jain', phoneNumber=54765876, state='Maha', city='Nagpur', zipCode=7687}
Person{firstName='Jiya', lastName='Raypure', phoneNumber=736756857, state='Maharashtra', city='nagpur', zipCode=56565}
Person{firstName='Neha', lastName='Renge', phoneNumber=54765876, state='MP', city='Sivani', zipCode=76687}
Person{firstName='Lata', lastName='Shahare', phoneNumber=779898908, state='Maharashtra', city='jalgao', zipCode=97778}
]]></system-out>
  <system-err><![CDATA[]]></system-err>
</testsuite>
