<?xml version="1.0" encoding="UTF-8"?>
<testsuite name="com.bridgelabz.addressBook.AddressBookTest" tests="1" skipped="0" failures="0" errors="0" timestamp="2019-12-06T09:10:33" hostname="admin1-desktop" time="0.042">
  <properties/>
  <testcase name="givenAddressBook_ToAddPerson" classname="com.bridgelabz.addressBook.AddressBookTest" time="0.042"/>
  <system-out><![CDATA[written to json
]]></system-out>
  <system-err><![CDATA[]]></system-err>
</testsuite>
