<?xml version="1.0" encoding="UTF-8"?>
<testsuite name="com.bridgelabz.addressBook.AddressBookTest" tests="1" skipped="0" failures="0" errors="0" timestamp="2019-12-07T03:43:15" hostname="admin1-desktop" time="0.004">
  <properties/>
  <testcase name="givenAddressBook_ToCreateNewAddressBook_ShouldReturnTrue" classname="com.bridgelabz.addressBook.AddressBookTest" time="0.004"/>
  <system-out><![CDATA[File does not exists
]]></system-out>
  <system-err><![CDATA[]]></system-err>
</testsuite>
